<?xml version="1.0" encoding="UTF-8"?>
<coverage generated="1583808579847" clover="3.2.0">
  <project timestamp="1583808579847" name="All files">
    <metrics statements="13" coveredstatements="8" conditionals="2" coveredconditionals="0" methods="5" coveredmethods="3" elements="20" coveredelements="11" complexity="0" loc="13" ncloc="13" packages="1" files="1" classes="1"/>
    <file name="UsersDAO.js" path="C:\Users\wewer\Desktop\uw-bootcamp\Projects\RINQYDINK\src\main\daos\UsersDAO.js">
      <metrics statements="13" coveredstatements="8" conditionals="2" coveredconditionals="0" methods="5" coveredmethods="3"/>
      <line num="1" count="1" type="stmt"/>
      <line num="2" count="1" type="stmt"/>
      <line num="10" count="0" type="cond" truecount="0" falsecount="2"/>
      <line num="11" count="0" type="stmt"/>
      <line num="13" count="0" type="stmt"/>
      <line num="18" count="1" type="stmt"/>
      <line num="20" count="1" type="stmt"/>
      <line num="22" count="1" type="stmt"/>
      <line num="23" count="1" type="stmt"/>
      <line num="25" count="1" type="stmt"/>
      <line num="26" count="1" type="stmt"/>
      <line num="29" count="0" type="stmt"/>
      <line num="30" count="0" type="stmt"/>
    </file>
  </project>
</coverage>
