<?xml version="1.0" encoding="UTF-8"?>
<coverage generated="1583891786187" clover="3.2.0">
  <project timestamp="1583891786187" name="All files">
    <metrics statements="26" coveredstatements="16" conditionals="4" coveredconditionals="0" methods="10" coveredmethods="6" elements="40" coveredelements="22" complexity="0" loc="26" ncloc="26" packages="1" files="2" classes="2"/>
    <file name="HighscoresDAO.js" path="C:\Users\wewer\Desktop\uw-bootcamp\Projects\RINQYDINK\src\main\daos\HighscoresDAO.js">
      <metrics statements="13" coveredstatements="8" conditionals="2" coveredconditionals="0" methods="5" coveredmethods="3"/>
      <line num="1" count="1" type="stmt"/>
      <line num="2" count="1" type="stmt"/>
      <line num="10" count="0" type="cond" truecount="0" falsecount="2"/>
      <line num="11" count="0" type="stmt"/>
      <line num="13" count="0" type="stmt"/>
      <line num="18" count="1" type="stmt"/>
      <line num="20" count="1" type="stmt"/>
      <line num="22" count="3" type="stmt"/>
      <line num="23" count="3" type="stmt"/>
      <line num="25" count="3" type="stmt"/>
      <line num="26" count="3" type="stmt"/>
      <line num="29" count="0" type="stmt"/>
      <line num="30" count="0" type="stmt"/>
    </file>
    <file name="UsersDAO.js" path="C:\Users\wewer\Desktop\uw-bootcamp\Projects\RINQYDINK\src\main\daos\UsersDAO.js">
      <metrics statements="13" coveredstatements="8" conditionals="2" coveredconditionals="0" methods="5" coveredmethods="3"/>
      <line num="1" count="1" type="stmt"/>
      <line num="2" count="1" type="stmt"/>
      <line num="10" count="0" type="cond" truecount="0" falsecount="2"/>
      <line num="11" count="0" type="stmt"/>
      <line num="13" count="0" type="stmt"/>
      <line num="18" count="1" type="stmt"/>
      <line num="20" count="1" type="stmt"/>
      <line num="22" count="3" type="stmt"/>
      <line num="23" count="3" type="stmt"/>
      <line num="25" count="3" type="stmt"/>
      <line num="26" count="3" type="stmt"/>
      <line num="29" count="0" type="stmt"/>
      <line num="30" count="0" type="stmt"/>
    </file>
  </project>
</coverage>
