{"C:\\Users\\wewer\\Desktop\\uw-bootcamp\\Projects\\RINQYDINK\\src\\main\\daos\\UsersDAO.js": {"path":"C:\\Users\\wewer\\Desktop\\uw-bootcamp\\Projects\\RINQYDINK\\src\\main\\daos\\UsersDAO.js","statementMap":{"0":{"start":{"line":1,"column":18},"end":{"line":1,"column":38}},"1":{"start":{"line":2,"column":18},"end":{"line":16,"column":2}},"2":{"start":{"line":10,"column":6},"end":{"line":12,"column":7}},"3":{"start":{"line":11,"column":8},"end":{"line":11,"column":30}},"4":{"start":{"line":13,"column":6},"end":{"line":13,"column":20}},"5":{"start":{"line":18,"column":13},"end":{"line":18,"column":61}},"6":{"start":{"line":20,"column":0},"end":{"line":34,"column":2}},"7":{"start":{"line":22,"column":4},"end":{"line":32,"column":7}},"8":{"start":{"line":23,"column":6},"end":{"line":31,"column":11}},"9":{"start":{"line":25,"column":10},"end":{"line":25,"column":63}},"10":{"start":{"line":26,"column":10},"end":{"line":26,"column":24}},"11":{"start":{"line":29,"column":10},"end":{"line":29,"column":45}},"12":{"start":{"line":30,"column":10},"end":{"line":30,"column":22}}},"fnMap":{"0":{"name":"(anonymous_0)","decl":{"start":{"line":8,"column":14},"end":{"line":8,"column":15}},"loc":{"start":{"line":8,"column":36},"end":{"line":14,"column":5}},"line":8},"1":{"name":"(anonymous_1)","decl":{"start":{"line":21,"column":14},"end":{"line":21,"column":15}},"loc":{"start":{"line":21,"column":25},"end":{"line":33,"column":3}},"line":21},"2":{"name":"(anonymous_2)","decl":{"start":{"line":22,"column":23},"end":{"line":22,"column":24}},"loc":{"start":{"line":22,"column":44},"end":{"line":32,"column":5}},"line":22},"3":{"name":"(anonymous_3)","decl":{"start":{"line":24,"column":14},"end":{"line":24,"column":15}},"loc":{"start":{"line":24,"column":22},"end":{"line":27,"column":9}},"line":24},"4":{"name":"(anonymous_4)","decl":{"start":{"line":28,"column":15},"end":{"line":28,"column":16}},"loc":{"start":{"line":28,"column":22},"end":{"line":31,"column":9}},"line":28}},"branchMap":{"0":{"loc":{"start":{"line":10,"column":6},"end":{"line":12,"column":7}},"type":"if","locations":[{"start":{"line":10,"column":6},"end":{"line":12,"column":7}},{"start":{"line":10,"column":6},"end":{"line":12,"column":7}}],"line":10}},"s":{"0":1,"1":1,"2":0,"3":0,"4":0,"5":1,"6":1,"7":1,"8":1,"9":1,"10":1,"11":0,"12":0},"f":{"0":0,"1":1,"2":1,"3":1,"4":0},"b":{"0":[0,0]},"_coverageSchema":"1a1c01bbd47fc00a2c39e90264f33305004495a9","hash":"f812060a50f476b7534584728685bed0cdc263ff"}
}
